{"/Users/edcleidson.cardoso/WebstormProjects/ddd-modelagem-tatica-exemplo/src/domain/customer/entity/customer.ts": {"path":"/Users/edcleidson.cardoso/WebstormProjects/ddd-modelagem-tatica-exemplo/src/domain/customer/entity/customer.ts","all":false,"statementMap":{"0":{"start":{"line":1,"column":0},"end":{"line":1,"column":48}},"1":{"start":{"line":2,"column":0},"end":{"line":2,"column":0}},"2":{"start":{"line":3,"column":0},"end":{"line":3,"column":31}},"3":{"start":{"line":4,"column":0},"end":{"line":4,"column":16}},"4":{"start":{"line":5,"column":0},"end":{"line":5,"column":18}},"5":{"start":{"line":6,"column":0},"end":{"line":6,"column":22}},"6":{"start":{"line":7,"column":0},"end":{"line":7,"column":29}},"7":{"start":{"line":8,"column":0},"end":{"line":8,"column":0}},"8":{"start":{"line":9,"column":0},"end":{"line":9,"column":57}},"9":{"start":{"line":10,"column":0},"end":{"line":10,"column":22}},"10":{"start":{"line":11,"column":0},"end":{"line":11,"column":26}},"11":{"start":{"line":12,"column":0},"end":{"line":12,"column":37}},"12":{"start":{"line":13,"column":0},"end":{"line":13,"column":5}},"13":{"start":{"line":14,"column":0},"end":{"line":14,"column":0}},"14":{"start":{"line":15,"column":0},"end":{"line":15,"column":33}},"15":{"start":{"line":16,"column":0},"end":{"line":16,"column":29}},"16":{"start":{"line":17,"column":0},"end":{"line":17,"column":37}},"17":{"start":{"line":18,"column":0},"end":{"line":18,"column":5}},"18":{"start":{"line":19,"column":0},"end":{"line":19,"column":0}},"19":{"start":{"line":20,"column":0},"end":{"line":20,"column":40}},"20":{"start":{"line":21,"column":0},"end":{"line":21,"column":35}},"21":{"start":{"line":22,"column":0},"end":{"line":22,"column":31}},"22":{"start":{"line":23,"column":0},"end":{"line":23,"column":5}},"23":{"start":{"line":24,"column":0},"end":{"line":24,"column":0}},"24":{"start":{"line":25,"column":0},"end":{"line":25,"column":16}},"25":{"start":{"line":26,"column":0},"end":{"line":26,"column":34}},"26":{"start":{"line":27,"column":0},"end":{"line":27,"column":28}},"27":{"start":{"line":28,"column":0},"end":{"line":28,"column":5}},"28":{"start":{"line":29,"column":0},"end":{"line":29,"column":0}},"29":{"start":{"line":30,"column":0},"end":{"line":30,"column":18}},"30":{"start":{"line":31,"column":0},"end":{"line":31,"column":29}},"31":{"start":{"line":32,"column":0},"end":{"line":32,"column":5}},"32":{"start":{"line":33,"column":0},"end":{"line":33,"column":0}},"33":{"start":{"line":34,"column":0},"end":{"line":34,"column":33}},"34":{"start":{"line":35,"column":0},"end":{"line":35,"column":29}},"35":{"start":{"line":36,"column":0},"end":{"line":36,"column":49}},"36":{"start":{"line":37,"column":0},"end":{"line":37,"column":74}},"37":{"start":{"line":38,"column":0},"end":{"line":38,"column":9}},"38":{"start":{"line":39,"column":0},"end":{"line":39,"column":0}},"39":{"start":{"line":40,"column":0},"end":{"line":40,"column":59}},"40":{"start":{"line":41,"column":0},"end":{"line":41,"column":78}},"41":{"start":{"line":42,"column":0},"end":{"line":42,"column":9}},"42":{"start":{"line":43,"column":0},"end":{"line":43,"column":5}},"43":{"start":{"line":44,"column":0},"end":{"line":44,"column":0}},"44":{"start":{"line":45,"column":0},"end":{"line":45,"column":26}},"45":{"start":{"line":46,"column":0},"end":{"line":46,"column":29}},"46":{"start":{"line":47,"column":0},"end":{"line":47,"column":100}},"47":{"start":{"line":48,"column":0},"end":{"line":48,"column":9}},"48":{"start":{"line":49,"column":0},"end":{"line":49,"column":5}},"49":{"start":{"line":50,"column":0},"end":{"line":50,"column":0}},"50":{"start":{"line":51,"column":0},"end":{"line":51,"column":31}},"51":{"start":{"line":52,"column":0},"end":{"line":52,"column":29}},"52":{"start":{"line":53,"column":0},"end":{"line":53,"column":79}},"53":{"start":{"line":54,"column":0},"end":{"line":54,"column":9}},"54":{"start":{"line":55,"column":0},"end":{"line":55,"column":5}},"55":{"start":{"line":56,"column":0},"end":{"line":56,"column":1}}},"s":{"0":1,"1":1,"2":1,"3":1,"4":1,"5":1,"6":1,"7":1,"8":1,"9":7,"10":7,"11":7,"12":7,"13":1,"14":1,"15":1,"16":1,"17":1,"18":1,"19":1,"20":1,"21":1,"22":1,"23":1,"24":1,"25":2,"26":2,"27":2,"28":1,"29":1,"30":0,"31":0,"32":1,"33":1,"34":1,"35":8,"36":1,"37":1,"38":7,"39":8,"40":3,"41":3,"42":8,"43":1,"44":1,"45":2,"46":1,"47":1,"48":2,"49":1,"50":1,"51":1,"52":0,"53":0,"54":1,"55":1},"branchMap":{"0":{"type":"branch","line":3,"loc":{"start":{"line":3,"column":21},"end":{"line":3,"column":31}},"locations":[{"start":{"line":3,"column":21},"end":{"line":3,"column":31}}]},"1":{"type":"branch","line":15,"loc":{"start":{"line":15,"column":4},"end":{"line":18,"column":5}},"locations":[{"start":{"line":15,"column":4},"end":{"line":18,"column":5}}]},"2":{"type":"branch","line":20,"loc":{"start":{"line":20,"column":4},"end":{"line":23,"column":5}},"locations":[{"start":{"line":20,"column":4},"end":{"line":23,"column":5}}]},"3":{"type":"branch","line":25,"loc":{"start":{"line":25,"column":4},"end":{"line":28,"column":5}},"locations":[{"start":{"line":25,"column":4},"end":{"line":28,"column":5}}]},"4":{"type":"branch","line":35,"loc":{"start":{"line":35,"column":4},"end":{"line":43,"column":5}},"locations":[{"start":{"line":35,"column":4},"end":{"line":43,"column":5}}]},"5":{"type":"branch","line":36,"loc":{"start":{"line":36,"column":48},"end":{"line":38,"column":9}},"locations":[{"start":{"line":36,"column":48},"end":{"line":38,"column":9}}]},"6":{"type":"branch","line":39,"loc":{"start":{"line":39,"column":-1},"end":{"line":40,"column":58}},"locations":[{"start":{"line":39,"column":-1},"end":{"line":40,"column":58}}]},"7":{"type":"branch","line":40,"loc":{"start":{"line":40,"column":58},"end":{"line":42,"column":9}},"locations":[{"start":{"line":40,"column":58},"end":{"line":42,"column":9}}]},"8":{"type":"branch","line":45,"loc":{"start":{"line":45,"column":4},"end":{"line":49,"column":5}},"locations":[{"start":{"line":45,"column":4},"end":{"line":49,"column":5}}]},"9":{"type":"branch","line":46,"loc":{"start":{"line":46,"column":28},"end":{"line":48,"column":9}},"locations":[{"start":{"line":46,"column":28},"end":{"line":48,"column":9}}]},"10":{"type":"branch","line":51,"loc":{"start":{"line":51,"column":12},"end":{"line":55,"column":5}},"locations":[{"start":{"line":51,"column":12},"end":{"line":55,"column":5}}]},"11":{"type":"branch","line":52,"loc":{"start":{"line":52,"column":28},"end":{"line":54,"column":9}},"locations":[{"start":{"line":52,"column":28},"end":{"line":54,"column":9}}]},"12":{"type":"branch","line":9,"loc":{"start":{"line":9,"column":4},"end":{"line":13,"column":5}},"locations":[{"start":{"line":9,"column":4},"end":{"line":13,"column":5}}]}},"b":{"0":[7],"1":[1],"2":[1],"3":[2],"4":[8],"5":[1],"6":[7],"7":[3],"8":[2],"9":[1],"10":[1],"11":[0],"12":[7]},"fnMap":{"0":{"name":"get","decl":{"start":{"line":3,"column":21},"end":{"line":3,"column":31}},"loc":{"start":{"line":3,"column":21},"end":{"line":3,"column":31}},"line":3},"1":{"name":"changeName","decl":{"start":{"line":15,"column":4},"end":{"line":18,"column":5}},"loc":{"start":{"line":15,"column":4},"end":{"line":18,"column":5}},"line":15},"2":{"name":"changeAddress","decl":{"start":{"line":20,"column":4},"end":{"line":23,"column":5}},"loc":{"start":{"line":20,"column":4},"end":{"line":23,"column":5}},"line":20},"3":{"name":"activate","decl":{"start":{"line":25,"column":4},"end":{"line":28,"column":5}},"loc":{"start":{"line":25,"column":4},"end":{"line":28,"column":5}},"line":25},"4":{"name":"deactivate","decl":{"start":{"line":30,"column":4},"end":{"line":32,"column":5}},"loc":{"start":{"line":30,"column":4},"end":{"line":32,"column":5}},"line":30},"5":{"name":"validateBasicCustomer","decl":{"start":{"line":35,"column":4},"end":{"line":43,"column":5}},"loc":{"start":{"line":35,"column":4},"end":{"line":43,"column":5}},"line":35},"6":{"name":"validateActivation","decl":{"start":{"line":45,"column":4},"end":{"line":49,"column":5}},"loc":{"start":{"line":45,"column":4},"end":{"line":49,"column":5}},"line":45},"7":{"name":"validateAddress","decl":{"start":{"line":51,"column":12},"end":{"line":55,"column":5}},"loc":{"start":{"line":51,"column":12},"end":{"line":55,"column":5}},"line":51},"8":{"name":"Customer","decl":{"start":{"line":9,"column":4},"end":{"line":13,"column":5}},"loc":{"start":{"line":9,"column":4},"end":{"line":13,"column":5}},"line":9}},"f":{"0":7,"1":1,"2":1,"3":2,"4":0,"5":8,"6":2,"7":1,"8":7}}
,"/Users/edcleidson.cardoso/WebstormProjects/ddd-modelagem-tatica-exemplo/src/domain/customer/value-object/address.ts": {"path":"/Users/edcleidson.cardoso/WebstormProjects/ddd-modelagem-tatica-exemplo/src/domain/customer/value-object/address.ts","all":false,"statementMap":{"0":{"start":{"line":1,"column":0},"end":{"line":1,"column":30}},"1":{"start":{"line":2,"column":0},"end":{"line":2,"column":20}},"2":{"start":{"line":3,"column":0},"end":{"line":3,"column":20}},"3":{"start":{"line":4,"column":0},"end":{"line":4,"column":22}},"4":{"start":{"line":5,"column":0},"end":{"line":5,"column":18}},"5":{"start":{"line":6,"column":0},"end":{"line":6,"column":19}},"6":{"start":{"line":7,"column":0},"end":{"line":7,"column":21}},"7":{"start":{"line":8,"column":0},"end":{"line":8,"column":21}},"8":{"start":{"line":9,"column":0},"end":{"line":9,"column":0}},"9":{"start":{"line":10,"column":0},"end":{"line":10,"column":179}},"10":{"start":{"line":11,"column":0},"end":{"line":11,"column":30}},"11":{"start":{"line":12,"column":0},"end":{"line":12,"column":30}},"12":{"start":{"line":13,"column":0},"end":{"line":13,"column":34}},"13":{"start":{"line":14,"column":0},"end":{"line":14,"column":26}},"14":{"start":{"line":15,"column":0},"end":{"line":15,"column":28}},"15":{"start":{"line":16,"column":0},"end":{"line":16,"column":32}},"16":{"start":{"line":17,"column":0},"end":{"line":17,"column":32}},"17":{"start":{"line":18,"column":0},"end":{"line":18,"column":31}},"18":{"start":{"line":19,"column":0},"end":{"line":19,"column":5}},"19":{"start":{"line":20,"column":0},"end":{"line":20,"column":0}},"20":{"start":{"line":21,"column":0},"end":{"line":21,"column":23}},"21":{"start":{"line":22,"column":0},"end":{"line":22,"column":57}},"22":{"start":{"line":23,"column":0},"end":{"line":23,"column":69}},"23":{"start":{"line":24,"column":0},"end":{"line":24,"column":9}},"24":{"start":{"line":25,"column":0},"end":{"line":25,"column":0}},"25":{"start":{"line":26,"column":0},"end":{"line":26,"column":56}},"26":{"start":{"line":27,"column":0},"end":{"line":27,"column":77}},"27":{"start":{"line":28,"column":0},"end":{"line":28,"column":9}},"28":{"start":{"line":29,"column":0},"end":{"line":29,"column":0}},"29":{"start":{"line":30,"column":0},"end":{"line":30,"column":61}},"30":{"start":{"line":31,"column":0},"end":{"line":31,"column":71}},"31":{"start":{"line":32,"column":0},"end":{"line":32,"column":9}},"32":{"start":{"line":33,"column":0},"end":{"line":33,"column":0}},"33":{"start":{"line":34,"column":0},"end":{"line":34,"column":53}},"34":{"start":{"line":35,"column":0},"end":{"line":35,"column":67}},"35":{"start":{"line":36,"column":0},"end":{"line":36,"column":9}},"36":{"start":{"line":37,"column":0},"end":{"line":37,"column":0}},"37":{"start":{"line":38,"column":0},"end":{"line":38,"column":55}},"38":{"start":{"line":39,"column":0},"end":{"line":39,"column":68}},"39":{"start":{"line":40,"column":0},"end":{"line":40,"column":9}},"40":{"start":{"line":41,"column":0},"end":{"line":41,"column":0}},"41":{"start":{"line":42,"column":0},"end":{"line":42,"column":59}},"42":{"start":{"line":43,"column":0},"end":{"line":43,"column":70}},"43":{"start":{"line":44,"column":0},"end":{"line":44,"column":9}},"44":{"start":{"line":45,"column":0},"end":{"line":45,"column":0}},"45":{"start":{"line":46,"column":0},"end":{"line":46,"column":59}},"46":{"start":{"line":47,"column":0},"end":{"line":47,"column":71}},"47":{"start":{"line":48,"column":0},"end":{"line":48,"column":9}},"48":{"start":{"line":49,"column":0},"end":{"line":49,"column":5}},"49":{"start":{"line":50,"column":0},"end":{"line":50,"column":0}},"50":{"start":{"line":51,"column":0},"end":{"line":51,"column":16}},"51":{"start":{"line":52,"column":0},"end":{"line":52,"column":139}},"52":{"start":{"line":53,"column":0},"end":{"line":53,"column":5}},"53":{"start":{"line":54,"column":0},"end":{"line":54,"column":1}}},"s":{"0":1,"1":1,"2":1,"3":1,"4":1,"5":1,"6":1,"7":1,"8":1,"9":1,"10":1,"11":1,"12":1,"13":1,"14":1,"15":1,"16":1,"17":1,"18":1,"19":1,"20":1,"21":1,"22":0,"23":0,"24":1,"25":1,"26":0,"27":0,"28":1,"29":1,"30":0,"31":0,"32":1,"33":1,"34":0,"35":0,"36":1,"37":1,"38":0,"39":0,"40":1,"41":1,"42":0,"43":0,"44":1,"45":1,"46":0,"47":0,"48":1,"49":1,"50":1,"51":0,"52":0,"53":1},"branchMap":{"0":{"type":"branch","line":1,"loc":{"start":{"line":1,"column":21},"end":{"line":1,"column":30}},"locations":[{"start":{"line":1,"column":21},"end":{"line":1,"column":30}}]},"1":{"type":"branch","line":21,"loc":{"start":{"line":21,"column":4},"end":{"line":49,"column":5}},"locations":[{"start":{"line":21,"column":4},"end":{"line":49,"column":5}}]},"2":{"type":"branch","line":22,"loc":{"start":{"line":22,"column":56},"end":{"line":24,"column":9}},"locations":[{"start":{"line":22,"column":56},"end":{"line":24,"column":9}}]},"3":{"type":"branch","line":26,"loc":{"start":{"line":26,"column":55},"end":{"line":28,"column":9}},"locations":[{"start":{"line":26,"column":55},"end":{"line":28,"column":9}}]},"4":{"type":"branch","line":30,"loc":{"start":{"line":30,"column":60},"end":{"line":32,"column":9}},"locations":[{"start":{"line":30,"column":60},"end":{"line":32,"column":9}}]},"5":{"type":"branch","line":34,"loc":{"start":{"line":34,"column":52},"end":{"line":36,"column":9}},"locations":[{"start":{"line":34,"column":52},"end":{"line":36,"column":9}}]},"6":{"type":"branch","line":38,"loc":{"start":{"line":38,"column":54},"end":{"line":40,"column":9}},"locations":[{"start":{"line":38,"column":54},"end":{"line":40,"column":9}}]},"7":{"type":"branch","line":42,"loc":{"start":{"line":42,"column":58},"end":{"line":44,"column":9}},"locations":[{"start":{"line":42,"column":58},"end":{"line":44,"column":9}}]},"8":{"type":"branch","line":46,"loc":{"start":{"line":46,"column":58},"end":{"line":48,"column":9}},"locations":[{"start":{"line":46,"column":58},"end":{"line":48,"column":9}}]},"9":{"type":"branch","line":10,"loc":{"start":{"line":10,"column":4},"end":{"line":19,"column":5}},"locations":[{"start":{"line":10,"column":4},"end":{"line":19,"column":5}}]}},"b":{"0":[1],"1":[1],"2":[0],"3":[0],"4":[0],"5":[0],"6":[0],"7":[0],"8":[0],"9":[1]},"fnMap":{"0":{"name":"get","decl":{"start":{"line":1,"column":21},"end":{"line":1,"column":30}},"loc":{"start":{"line":1,"column":21},"end":{"line":1,"column":30}},"line":1},"1":{"name":"validateAddress","decl":{"start":{"line":21,"column":4},"end":{"line":49,"column":5}},"loc":{"start":{"line":21,"column":4},"end":{"line":49,"column":5}},"line":21},"2":{"name":"toString","decl":{"start":{"line":51,"column":4},"end":{"line":53,"column":5}},"loc":{"start":{"line":51,"column":4},"end":{"line":53,"column":5}},"line":51},"3":{"name":"Address","decl":{"start":{"line":10,"column":4},"end":{"line":19,"column":5}},"loc":{"start":{"line":10,"column":4},"end":{"line":19,"column":5}},"line":10}},"f":{"0":1,"1":1,"2":0,"3":1}}
}
