TN:
SF:src/domain/customer/entity/customer.ts
FN:3,get
FN:15,get name
FN:19,changeName
FN:24,changeAddress
FN:29,activate
FN:34,deactivate
FN:39,validateBasicCustomer
FN:49,validateActivation
FN:55,validateAddress
FN:9,Customer
FNF:10
FNH:9
FNDA:8,get
FNDA:1,get name
FNDA:2,changeName
FNDA:1,changeAddress
FNDA:2,activate
FNDA:0,deactivate
FNDA:10,validateBasicCustomer
FNDA:2,validateActivation
FNDA:1,validateAddress
FNDA:8,Customer
DA:1,1
DA:2,1
DA:3,1
DA:4,1
DA:5,1
DA:6,1
DA:7,1
DA:8,1
DA:9,1
DA:10,8
DA:11,8
DA:12,8
DA:13,8
DA:14,1
DA:15,1
DA:16,1
DA:17,1
DA:18,1
DA:19,1
DA:20,2
DA:21,2
DA:22,2
DA:23,1
DA:24,1
DA:25,1
DA:26,1
DA:27,1
DA:28,1
DA:29,1
DA:30,2
DA:31,2
DA:32,2
DA:33,1
DA:34,1
DA:35,0
DA:36,0
DA:37,1
DA:38,1
DA:39,1
DA:40,10
DA:41,1
DA:42,1
DA:43,9
DA:44,10
DA:45,3
DA:46,3
DA:47,10
DA:48,1
DA:49,1
DA:50,2
DA:51,1
DA:52,1
DA:53,2
DA:54,1
DA:55,1
DA:56,1
DA:57,0
DA:58,0
DA:59,1
DA:60,1
LF:60
LH:56
BRDA:3,0,0,8
BRDA:15,1,0,1
BRDA:19,2,0,2
BRDA:24,3,0,1
BRDA:29,4,0,2
BRDA:39,5,0,10
BRDA:40,6,0,1
BRDA:43,7,0,9
BRDA:44,8,0,3
BRDA:49,9,0,2
BRDA:50,10,0,1
BRDA:55,11,0,1
BRDA:56,12,0,0
BRDA:9,13,0,8
BRF:14
BRH:13
end_of_record
TN:
SF:src/domain/customer/value-object/address.ts
FN:1,get
FN:21,validateAddress
FN:51,toString
FN:10,Address
FNF:4
FNH:4
FNDA:9,get
FNDA:9,validateAddress
FNDA:1,toString
FNDA:9,Address
DA:1,1
DA:2,1
DA:3,1
DA:4,1
DA:5,1
DA:6,1
DA:7,1
DA:8,1
DA:9,1
DA:10,1
DA:11,9
DA:12,9
DA:13,9
DA:14,9
DA:15,9
DA:16,9
DA:17,9
DA:18,9
DA:19,9
DA:20,1
DA:21,1
DA:22,9
DA:23,1
DA:24,1
DA:25,8
DA:26,9
DA:27,1
DA:28,1
DA:29,7
DA:30,9
DA:31,1
DA:32,1
DA:33,6
DA:34,9
DA:35,1
DA:36,1
DA:37,5
DA:38,9
DA:39,1
DA:40,1
DA:41,4
DA:42,9
DA:43,1
DA:44,1
DA:45,3
DA:46,9
DA:47,1
DA:48,1
DA:49,9
DA:50,1
DA:51,1
DA:52,1
DA:53,1
DA:54,1
LF:54
LH:54
BRDA:1,0,0,9
BRDA:21,1,0,9
BRDA:22,2,0,1
BRDA:25,3,0,8
BRDA:26,4,0,1
BRDA:29,5,0,7
BRDA:30,6,0,1
BRDA:33,7,0,6
BRDA:34,8,0,1
BRDA:37,9,0,5
BRDA:38,10,0,1
BRDA:41,11,0,4
BRDA:42,12,0,1
BRDA:45,13,0,3
BRDA:46,14,0,1
BRDA:51,15,0,1
BRDA:10,16,0,9
BRF:17
BRH:17
end_of_record
TN:
SF:src/domain/order/entity/order.ts
FN:3,get
FN:15,addItem
FN:20,total
FN:25,removeItem
FN:34,validateBasicOrder
FN:9,Order
FNF:6
FNH:5
FNDA:4,get
FNDA:3,addItem
FNDA:2,total
FNDA:0,removeItem
FNDA:4,validateBasicOrder
FNDA:4,Order
DA:1,1
DA:2,1
DA:3,1
DA:4,1
DA:5,1
DA:6,1
DA:7,1
DA:8,1
DA:9,1
DA:10,4
DA:11,4
DA:12,4
DA:13,4
DA:14,1
DA:15,1
DA:16,3
DA:17,3
DA:18,3
DA:19,1
DA:20,1
DA:21,2
DA:22,2
DA:23,2
DA:24,1
DA:25,1
DA:26,0
DA:27,0
DA:28,0
DA:29,0
DA:30,0
DA:31,0
DA:32,1
DA:33,1
DA:34,1
DA:35,4
DA:36,1
DA:37,1
DA:38,3
DA:39,4
DA:40,1
DA:41,1
DA:42,4
DA:43,1
LF:43
LH:37
BRDA:3,0,0,4
BRDA:15,1,0,3
BRDA:20,2,0,2
BRDA:21,3,0,3
BRDA:34,4,0,4
BRDA:35,5,0,1
BRDA:38,6,0,3
BRDA:39,7,0,1
BRDA:9,8,0,4
BRF:9
BRH:9
end_of_record
TN:
SF:src/domain/order/entity/order_item.ts
FN:1,get
FN:19,total
FN:24,validateBasicOrderItem
FN:9,OrderItem
FNF:4
FNH:4
FNDA:3,get
FNDA:3,total
FNDA:3,validateBasicOrderItem
FNDA:3,OrderItem
DA:1,1
DA:2,1
DA:3,1
DA:4,1
DA:5,1
DA:6,1
DA:7,1
DA:8,1
DA:9,1
DA:10,3
DA:11,3
DA:12,3
DA:13,3
DA:14,3
DA:15,3
DA:16,3
DA:17,3
DA:18,1
DA:19,1
DA:20,3
DA:21,3
DA:22,1
DA:23,1
DA:24,1
DA:25,3
DA:26,0
DA:27,0
DA:28,3
DA:29,3
DA:30,0
DA:31,0
DA:32,3
DA:33,3
DA:34,0
DA:35,0
DA:36,3
DA:37,3
DA:38,1
DA:39,1
DA:40,2
DA:41,3
DA:42,0
DA:43,0
DA:44,2
DA:45,3
DA:46,0
DA:47,0
DA:48,3
DA:49,1
LF:49
LH:39
BRDA:1,0,0,3
BRDA:19,1,0,3
BRDA:24,2,0,3
BRDA:25,3,0,0
BRDA:29,4,0,0
BRDA:33,5,0,0
BRDA:37,6,0,1
BRDA:40,7,0,2
BRDA:41,8,0,0
BRDA:44,9,0,2
BRDA:45,10,0,0
BRDA:9,11,0,3
BRF:12
BRH:7
end_of_record
TN:
SF:src/domain/product/entity/product.ts
FN:3,get
FN:15,get id
FN:19,get name
FN:23,get price
FN:27,changeName
FN:32,changePrice
FN:37,validate
FN:8,Product
FNF:8
FNH:7
FNDA:5,get
FNDA:0,get id
FNDA:1,get name
FNDA:1,get price
FNDA:1,changeName
FNDA:1,changePrice
FNDA:7,validate
FNDA:5,Product
DA:1,1
DA:2,1
DA:3,1
DA:4,1
DA:5,1
DA:6,1
DA:7,1
DA:8,1
DA:9,5
DA:10,5
DA:11,5
DA:12,5
DA:13,5
DA:14,1
DA:15,1
DA:16,0
DA:17,0
DA:18,1
DA:19,1
DA:20,1
DA:21,1
DA:22,1
DA:23,1
DA:24,1
DA:25,1
DA:26,1
DA:27,1
DA:28,1
DA:29,1
DA:30,1
DA:31,1
DA:32,1
DA:33,1
DA:34,1
DA:35,1
DA:36,1
DA:37,1
DA:38,7
DA:39,1
DA:40,1
DA:41,7
DA:42,1
DA:43,1
DA:44,7
DA:45,1
DA:46,1
DA:47,4
DA:48,4
DA:49,1
LF:49
LH:47
BRDA:3,0,0,5
BRDA:19,1,0,1
BRDA:23,2,0,1
BRDA:27,3,0,1
BRDA:32,4,0,1
BRDA:37,5,0,7
BRDA:38,6,0,1
BRDA:41,7,0,6
BRDA:41,8,0,1
BRDA:44,9,0,5
BRDA:44,10,0,1
BRDA:47,11,0,4
BRDA:8,12,0,5
BRF:13
BRH:13
end_of_record
