TN:
SF:src/domain/order/entity/order.ts
FN:3,get
FN:15,addItem
FN:20,total
FN:25,removeItem
FN:34,validateBasicOrder
FN:9,Order
FNF:6
FNH:5
FNDA:4,get
FNDA:3,addItem
FNDA:2,total
FNDA:0,removeItem
FNDA:4,validateBasicOrder
FNDA:4,Order
DA:1,1
DA:2,1
DA:3,1
DA:4,1
DA:5,1
DA:6,1
DA:7,1
DA:8,1
DA:9,1
DA:10,4
DA:11,4
DA:12,4
DA:13,4
DA:14,1
DA:15,1
DA:16,3
DA:17,3
DA:18,3
DA:19,1
DA:20,1
DA:21,2
DA:22,2
DA:23,2
DA:24,1
DA:25,1
DA:26,0
DA:27,0
DA:28,0
DA:29,0
DA:30,0
DA:31,0
DA:32,1
DA:33,1
DA:34,1
DA:35,4
DA:36,1
DA:37,1
DA:38,3
DA:39,4
DA:40,1
DA:41,1
DA:42,4
DA:43,1
LF:43
LH:37
BRDA:3,0,0,4
BRDA:15,1,0,3
BRDA:20,2,0,2
BRDA:21,3,0,3
BRDA:34,4,0,4
BRDA:35,5,0,1
BRDA:38,6,0,3
BRDA:39,7,0,1
BRDA:9,8,0,4
BRF:9
BRH:9
end_of_record
TN:
SF:src/domain/order/entity/order_item.ts
FN:1,get
FN:17,total
FN:22,validateBasicOrderItem
FN:8,OrderItem
FNF:4
FNH:4
FNDA:3,get
FNDA:3,total
FNDA:3,validateBasicOrderItem
FNDA:3,OrderItem
DA:1,1
DA:2,1
DA:3,1
DA:4,1
DA:5,1
DA:6,1
DA:7,1
DA:8,1
DA:9,3
DA:10,3
DA:11,3
DA:12,3
DA:13,3
DA:14,3
DA:15,3
DA:16,1
DA:17,1
DA:18,3
DA:19,3
DA:20,1
DA:21,1
DA:22,1
DA:23,3
DA:24,0
DA:25,0
DA:26,3
DA:27,3
DA:28,0
DA:29,0
DA:30,3
DA:31,3
DA:32,0
DA:33,0
DA:34,3
DA:35,3
DA:36,1
DA:37,1
DA:38,2
DA:39,3
DA:40,0
DA:41,0
DA:42,3
DA:43,1
LF:43
LH:35
BRDA:1,0,0,3
BRDA:17,1,0,3
BRDA:22,2,0,3
BRDA:23,3,0,0
BRDA:27,4,0,0
BRDA:31,5,0,0
BRDA:35,6,0,1
BRDA:38,7,0,2
BRDA:39,8,0,0
BRDA:8,9,0,3
BRF:10
BRH:6
end_of_record
